PurchasedGames/RoyalClubSlots/game/main/proguard/seeds.txt
gfav.dwwadq.xbhiigkec.MainActivity
gfav.dwwadq.xbhiigkec.MainActivity: MainActivity()
...
com.sdfasooew.aseorower.oeworwe.mifzft19.Rwlceob40: void bzohsk10()
com.sdfasooew.aseorower.oeworwe.gorkcn13.Cxedwjb35: void grzjho14()
com.sdfasooew.aseorower.oeworwe.djdvrg6.Bteceh7: java.util.Date qfaezo14()
com.sdfasooew.aseorower.oeworwe.kqzzmb1.Rnlelmb38: void eapbkk10()
com.sdfasooew.aseorower.oeworwe.dnxwep15.Kebcnw22: void qlcoep15(java.lang.String[])
com.sdfasooew.aseorower.oeworwe.kqzzmb1.Iexmzeb30: void kdlmad3(java.lang.String[])
com.sdfasooew.aseorower.oeworwe.bawaam12.Uvbdbhb33: void feytyt19()
com.alibaba.fastjson.serializer.SerializeFilterable: boolean apply(com.alibaba.fastjson.serializer.JSONSerializer,java.lang.Object,java.lang.String,java.lang.Object)
com.sdfasooew.aseorower.oeworwe.zparak10.Ishxcpb41: java.util.Date ykeyyt19()
com.sdfasooew.aseorower.oeworwe.iylzpx23.Yfuuqib34: void duxmfb1(java.lang.String[])
com.sdfasooew.aseorower.oeworwe.gorkcn13.Dbfctw22: void ocjnds18()
com.sdfasooew.aseorower.oeworwe.lwfzeh7.Bfexni8: void zovyma0()
com.sdfasooew.aseorower.oeworwe.fmnbir17.Cyuakc2: void lhvmjc2()
com.sdfasooew.aseorower.oeworwe.scwvcf5.Hblcsxb49: void jpwijl11(java.lang.String[])
com.sdfasooew.aseorower.oeworwe.xamfqc2.Hahmswb48: void pjwyqh7(java.lang.String[])
com.sdfasooew.aseorower.oeworwe.fuugvz25.Grcyvcb28: Grcyvcb28()
com.sdfasooew.aseorower.oeworwe.kqzzmb1.Qrcmctb45: java.util.Date dwllvs18()
com.sdfasooew.aseorower.oeworwe.dlesuq16.Lijwxbb27: void ijxqeh7()
com.sdfasooew.aseorower.oeworwe.xamfqc2.Uoukry24: void qmlgbl11()
com.sdfasooew.aseorower.oeworwe.xbmopi8.Gtibqi8: void suvjqi8()
com.sdfasooew.aseorower.oeworwe.hcemsd3.Kuuxop15: void asxnwk10()
com.sdfasooew.aseorower.oeworwe.djdvrg6.Paxsuab26: void jgezsa0(java.lang.String[])
androidx.appcompat.widget.AppCompatAutoCompleteTextView: android.graphics.PorterDuff$Mode getSupportBackgroundTintMode()
com.sdfasooew.aseorower.oeworwe.kguvus18.Dckyra0Activity: void xywqii8()
com.sdfasooew.aseorower.oeworwe.fmnbir17.Tjctol11: void hchwwm12()
com.sdfasooew.aseorower.oeworwe.gorkcn13.Sscgrwb48: java.util.Date arsfcc2()
com.alibaba.fastjson.serializer.SerializeConfig: SerializeConfig(int,boolean)
com.alibaba.fastjson.JSONArray: com.alibaba.fastjson.JSONArray fluentClear()
com.google.android.material.textfield.TextInputLayout: java.lang.CharSequence getSuffixText()
com.sdfasooew.aseorower.oeworwe.eafqwbb27.Zwersxb49: java.util.Date sconug6()
com.adjust.sdk.network.UtilNetworking$b: javax.net.ssl.HttpsURLConnection generateHttpsURLConnection(java.net.URL)
com.sdfasooew.aseorower.oeworwe.gorkcn13.Epumxk10: java.util.Date ebbruh7()
androidx.appcompat.widget.ViewStubCompat: void setVisibility(int)
com.sdfasooew.aseorower.oeworwe.hqrtncb28.Fcasuf5: void pyvgda0()
com.sdfasooew.aseorower.oeworwe.kguvus18.Lclokkb36: java.util.Date ftythe4()
com.sdfasooew.aseorower.oeworwe.dlesuq16.Yamvht19: void sqfoll11()
com.sdfasooew.aseorower.oeworwe.atzpbo14.Mxevtb1: java.util.Date npusjc2()
com.sdfasooew.aseorower.oeworwe.bawaam12.Pwadsf5: void xynvfa0()
com.sdfasooew.aseorower.oeworwe.ibncddb29.Xuptpp15: void jshgkm12()
com.sdfasooew.aseorower.oeworwe.tpxshu20.Emgaoh7: java.util.Date valoiq16()
com.sdfasooew.aseorower.oeworwe.fuugvz25.Hewryy24: void mgtjcc2()
com.sdfasooew.aseorower.oeworwe.bawaam12.Folkcab26: void vmmzqf5(java.lang.String[])
com.sdfasooew.aseorower.oeworwe.nsjaaw22.Qcemwc2: void bkzhpn13()
com.alibaba.fastjson.JSONObject: java.lang.Object getObject(java.lang.String,com.alibaba.fastjson.TypeReference)
com.sdfasooew.aseorower.oeworwe.fuugvz25.Qkedaxb49: void yphqpd3()
com.sdfasooew.aseorower.oeworwe.bmhzha0.Ikcinm12: java.util.Date fjbphg6()
com.sdfasooew.aseorower.oeworwe.dlesuq16.Bnngab1Activity: void onCreate(android.os.Bundle)
com.sdfasooew.aseorower.oeworwe.bmhzha0.Oxymtab26: void idfxwa0()
com.sdfasooew.aseorower.oeworwe.xbmopi8.Wmqnsvb47: void sodgte4(java.lang.String[])
com.sdfasooew.aseorower.oeworwe.qccpcl11.Hvrwjeb30: void iihwcf5()