PurchasedGames/RoyalClubSlots/game/main/proguard/unused.txt
gfav.dwwadq.xbhiigkec.BuildConfig
gfav.dwwadq.xbhiigkec.R$color
gfav.dwwadq.xbhiigkec.R$drawable
gfav.dwwadq.xbhiigkec.R$id
gfav.dwwadq.xbhiigkec.R$layout
gfav.dwwadq.xbhiigkec.R$mipmap
gfav.dwwadq.xbhiigkec.R$raw
gfav.dwwadq.xbhiigkec.R$string
gfav.dwwadq.xbhiigkec.R$style
gfav.dwwadq.xbhiigkec.R
gfav.dwwadq.xbhiigkec.StringFog:
    public void <init>()
    public static java.lang.String encrypt(java.lang.String)
    public static boolean overflow(java.lang.String)
gfav.dwwadq.xbhiigkec.StringFog:
    public static final com.airbnb.lottie.network.DefaultLottieNetworkFetcher IMPL
    public static void <clinit>()
...
com.google.firebase.BuildConfig
com.google.firebase.DataCollectionDefaultChange:
    public final boolean enabled
    public void <init>(boolean)
com.google.firebase.FirebaseApiNotAvailableException
com.google.firebase.FirebaseApp:
    public void addBackgroundStateChangeListener(com.google.firebase.FirebaseApp$BackgroundStateChangeListener)
    public void addLifecycleEventListener(com.google.firebase.FirebaseAppLifecycleListener)
    public static void clearInstancesForTest()
    public void delete()
    private static java.util.List getAllAppNames()
    public static java.util.List getApps(android.content.Context)
    public static com.google.firebase.FirebaseApp getInstance(java.lang.String)
    public static java.lang.String getPersistenceKey(java.lang.String,com.google.firebase.FirebaseOptions)
    private void notifyOnAppDeleted()
    public void removeBackgroundStateChangeListener(com.google.firebase.FirebaseApp$BackgroundStateChangeListener)
    public void removeLifecycleEventListener(com.google.firebase.FirebaseAppLifecycleListener)
    public void setAutomaticResourceManagementEnabled(boolean)
    public void setDataCollectionDefaultEnabled(boolean)
com.google.firebase.FirebaseAppLifecycleListener
com.google.firebase.FirebaseError
com.google.firebase.FirebaseException:
    public void <init>(java.lang.String)
    public void <init>(java.lang.String,java.lang.Throwable)
com.google.firebase.FirebaseExceptionMapper
com.google.firebase.FirebaseNetworkException
com.google.firebase.FirebaseOptions$1
com.google.firebase.FirebaseOptions$Builder
com.google.firebase.FirebaseOptions:
    synthetic void <init>(java.lang.String,java.lang.String,java.lang.String,java.lang.String,java.lang.String,java.lang.String,java.lang.String,com.google.firebase.FirebaseOptions$1)
    static synthetic java.lang.String access$000(com.google.firebase.FirebaseOptions)
    static synthetic java.lang.String access$100(com.google.firebase.FirebaseOptions)
    static synthetic java.lang.String access$200(com.google.firebase.FirebaseOptions)
    static synthetic java.lang.String access$300(com.google.firebase.FirebaseOptions)
    static synthetic java.lang.String access$400(com.google.firebase.FirebaseOptions)
    static synthetic java.lang.String access$500(com.google.firebase.FirebaseOptions)
    static synthetic java.lang.String access$600(com.google.firebase.FirebaseOptions)
    public java.lang.String getDatabaseUrl()
    public java.lang.String getGaTrackingId()
    public java.lang.String getStorageBucket()
com.google.firebase.FirebaseTooManyRequestsException
com.google.firebase.R$attr
com.google.firebase.R$color
com.google.firebase.R$dimen
com.google.firebase.R$drawable
com.google.firebase.R$id
com.google.firebase.R$integer
com.google.firebase.R$layout
com.google.firebase.R$string
com.google.firebase.R$style
com.google.firebase.R$styleable
com.google.firebase.R
com.google.firebase.analytics.FirebaseAnalytics$Event:
    protected void <init>()
com.google.firebase.analytics.FirebaseAnalytics$Param:
    protected void <init>()
com.google.firebase.analytics.FirebaseAnalytics$UserProperty:
    protected void <init>()
com.google.firebase.analytics.connector.AnalyticsConnector$AnalyticsConnectorHandle
com.google.firebase.analytics.connector.AnalyticsConnector$AnalyticsConnectorListener
com.google.firebase.analytics.connector.AnalyticsConnector$ConditionalUserProperty